<?xml version="1.0" encoding="UTF-8"?>
<testsuite xmlns:xsi="http://www.w3.org/2001/XMLSchema-instance" xsi:noNamespaceSchemaLocation="https://maven.apache.org/surefire/maven-surefire-plugin/xsd/surefire-test-report.xsd" name="GreetingTest" time="0.017" tests="2" errors="0" skipped="0" failures="0">
  <properties>
    <property name="java.specification.version" value="13"/>
    <property name="sun.jnu.encoding" value="UTF-8"/>
    <property name="java.class.path" value="/home/bq666/Workspace/TestsGuru/JUnitTests/target/test-classes:/home/bq666/Workspace/TestsGuru/JUnitTests/target/classes:/home/bq666/.m2/repository/org/junit/jupiter/junit-jupiter-api/5.6.1/junit-jupiter-api-5.6.1.jar:/home/bq666/.m2/repository/org/apiguardian/apiguardian-api/1.1.0/apiguardian-api-1.1.0.jar:/home/bq666/.m2/repository/org/opentest4j/opentest4j/1.2.0/opentest4j-1.2.0.jar:/home/bq666/.m2/repository/org/junit/platform/junit-platform-commons/1.6.1/junit-platform-commons-1.6.1.jar:/home/bq666/.m2/repository/org/junit/jupiter/junit-jupiter-engine/5.6.1/junit-jupiter-engine-5.6.1.jar:/home/bq666/.m2/repository/org/junit/platform/junit-platform-engine/1.6.1/junit-platform-engine-1.6.1.jar:/home/bq666/.m2/repository/org/junit/jupiter/junit-jupiter/5.6.1/junit-jupiter-5.6.1.jar:/home/bq666/.m2/repository/org/junit/jupiter/junit-jupiter-params/5.6.1/junit-jupiter-params-5.6.1.jar:"/>
    <property name="java.vm.vendor" value="Oracle Corporation"/>
    <property name="sun.arch.data.model" value="64"/>
    <property name="java.vendor.url" value="https://java.oracle.com/"/>
    <property name="os.name" value="Linux"/>
    <property name="java.vm.specification.version" value="13"/>
    <property name="sun.java.launcher" value="SUN_STANDARD"/>
    <property name="user.country" value="US"/>
    <property name="sun.boot.library.path" value="/usr/java/jdk-13.0.1/lib"/>
    <property name="sun.java.command" value="/home/bq666/Workspace/TestsGuru/JUnitTests/target/surefire/surefirebooter11612939248734186030.jar /home/bq666/Workspace/TestsGuru/JUnitTests/target/surefire 2020-04-03T15-33-40_917-jvmRun1 surefire2831661707247526775tmp surefire_03939360778763227851tmp"/>
    <property name="jdk.debug" value="release"/>
    <property name="surefire.test.class.path" value="/home/bq666/Workspace/TestsGuru/JUnitTests/target/test-classes:/home/bq666/Workspace/TestsGuru/JUnitTests/target/classes:/home/bq666/.m2/repository/org/junit/jupiter/junit-jupiter-api/5.6.1/junit-jupiter-api-5.6.1.jar:/home/bq666/.m2/repository/org/apiguardian/apiguardian-api/1.1.0/apiguardian-api-1.1.0.jar:/home/bq666/.m2/repository/org/opentest4j/opentest4j/1.2.0/opentest4j-1.2.0.jar:/home/bq666/.m2/repository/org/junit/platform/junit-platform-commons/1.6.1/junit-platform-commons-1.6.1.jar:/home/bq666/.m2/repository/org/junit/jupiter/junit-jupiter-engine/5.6.1/junit-jupiter-engine-5.6.1.jar:/home/bq666/.m2/repository/org/junit/platform/junit-platform-engine/1.6.1/junit-platform-engine-1.6.1.jar:/home/bq666/.m2/repository/org/junit/jupiter/junit-jupiter/5.6.1/junit-jupiter-5.6.1.jar:/home/bq666/.m2/repository/org/junit/jupiter/junit-jupiter-params/5.6.1/junit-jupiter-params-5.6.1.jar:"/>
    <property name="sun.cpu.endian" value="little"/>
    <property name="user.home" value="/home/bq666"/>
    <property name="user.language" value="en"/>
    <property name="java.specification.vendor" value="Oracle Corporation"/>
    <property name="java.version.date" value="2019-10-15"/>
    <property name="java.home" value="/usr/java/jdk-13.0.1"/>
    <property name="file.separator" value="/"/>
    <property name="basedir" value="/home/bq666/Workspace/TestsGuru/JUnitTests"/>
    <property name="java.vm.compressedOopsMode" value="Zero based"/>
    <property name="line.separator" value="&#10;"/>
    <property name="java.vm.specification.vendor" value="Oracle Corporation"/>
    <property name="java.specification.name" value="Java Platform API Specification"/>
    <property name="surefire.real.class.path" value="/home/bq666/Workspace/TestsGuru/JUnitTests/target/surefire/surefirebooter11612939248734186030.jar"/>
    <property name="sun.management.compiler" value="HotSpot 64-Bit Tiered Compilers"/>
    <property name="java.runtime.version" value="13.0.1+9"/>
    <property name="user.name" value="bq666"/>
    <property name="path.separator" value=":"/>
    <property name="os.version" value="5.5.11-200.fc31.x86_64"/>
    <property name="java.runtime.name" value="Java(TM) SE Runtime Environment"/>
    <property name="file.encoding" value="UTF-8"/>
    <property name="java.vm.name" value="Java HotSpot(TM) 64-Bit Server VM"/>
    <property name="idea.version2020.1" value="true"/>
    <property name="localRepository" value="/home/bq666/.m2/repository"/>
    <property name="java.vendor.url.bug" value="https://bugreport.java.com/bugreport/"/>
    <property name="java.io.tmpdir" value="/tmp"/>
    <property name="java.version" value="13.0.1"/>
    <property name="user.dir" value="/home/bq666/Workspace/TestsGuru/JUnitTests"/>
    <property name="os.arch" value="amd64"/>
    <property name="java.vm.specification.name" value="Java Virtual Machine Specification"/>
    <property name="java.library.path" value="/usr/java/packages/lib:/usr/lib64:/lib64:/lib:/usr/lib"/>
    <property name="java.vm.info" value="mixed mode, sharing"/>
    <property name="java.vendor" value="Oracle Corporation"/>
    <property name="java.vm.version" value="13.0.1+9"/>
    <property name="sun.io.unicode.encoding" value="UnicodeLittle"/>
    <property name="java.class.version" value="57.0"/>
  </properties>
  <testcase name="helloWorld" classname="GreetingTest" time="0.009"/>
  <testcase name="helloWorld1" classname="GreetingTest" time="0"/>
</testsuite>